# JRE version: Java(TM) SE Runtime Environment (8.0_92-b14) (build 1.8.0_92-b14)
# Java VM: Java HotSpot(TM) 64-Bit Server VM (25.92-b14 mixed mode windows-amd64 compressed oops)
Heap:
 PSYoungGen      total 132096K, used 26160K [0x00000000e0180000, 0x00000000e9300000, 0x0000000100000000)
  eden space 120832K, 21% used [0x00000000e0180000,0x00000000e1b0c0d0,0x00000000e7780000)
  from space 11264K, 0% used [0x00000000e8800000,0x00000000e8800000,0x00000000e9300000)
  to   space 13824K, 0% used [0x00000000e7800000,0x00000000e7800000,0x00000000e8580000)
 ParOldGen       total 78336K, used 18932K [0x00000000a0400000, 0x00000000a5080000, 0x00000000e0180000)
  object space 78336K, 24% used [0x00000000a0400000,0x00000000a167d218,0x00000000a5080000)
 Metaspace       used 37229K, capacity 37621K, committed 38016K, reserved 1083392K
  class space    used 4557K, capacity 4681K, committed 4736K, reserved 1048576K
GC Heap History (10 events):
Event: 5.367 GC heap before
{Heap before GC invocations=6 (full 1):
 PSYoungGen      total 53248K, used 49152K [0x00000000e0180000, 0x00000000e3980000, 0x0000000100000000)
  eden space 49152K, 100% used [0x00000000e0180000,0x00000000e3180000,0x00000000e3180000)
  from space 4096K, 0% used [0x00000000e3580000,0x00000000e3580000,0x00000000e3980000)
  to   space 4096K, 0% used [0x00000000e3180000,0x00000000e3180000,0x00000000e3580000)
 ParOldGen       total 55296K, used 10879K [0x00000000a0400000, 0x00000000a3a00000, 0x00000000e0180000)
  object space 55296K, 19% used [0x00000000a0400000,0x00000000a0e9ff88,0x00000000a3a00000)
 Metaspace       used 24768K, capacity 25062K, committed 25216K, reserved 1071104K
  class space    used 3031K, capacity 3127K, committed 3200K, reserved 1048576K
Event: 5.537 GC heap after
Heap after GC invocations=6 (full 1):
 PSYoungGen      total 53248K, used 4093K [0x00000000e0180000, 0x00000000e6400000, 0x0000000100000000)
  eden space 49152K, 0% used [0x00000000e0180000,0x00000000e0180000,0x00000000e3180000)
  from space 4096K, 99% used [0x00000000e3180000,0x00000000e357f728,0x00000000e3580000)
  to   space 10752K, 0% used [0x00000000e5980000,0x00000000e5980000,0x00000000e6400000)
 ParOldGen       total 55296K, used 11495K [0x00000000a0400000, 0x00000000a3a00000, 0x00000000e0180000)
  object space 55296K, 20% used [0x00000000a0400000,0x00000000a0f39c88,0x00000000a3a00000)
 Metaspace       used 24768K, capacity 25062K, committed 25216K, reserved 1071104K
  class space    used 3031K, capacity 3127K, committed 3200K, reserved 1048576K
}
Event: 7.482 GC heap before
{Heap before GC invocations=7 (full 1):
 PSYoungGen      total 53248K, used 53245K [0x00000000e0180000, 0x00000000e6400000, 0x0000000100000000)
  eden space 49152K, 100% used [0x00000000e0180000,0x00000000e3180000,0x00000000e3180000)
  from space 4096K, 99% used [0x00000000e3180000,0x00000000e357f728,0x00000000e3580000)
  to   space 10752K, 0% used [0x00000000e5980000,0x00000000e5980000,0x00000000e6400000)
 ParOldGen       total 55296K, used 11495K [0x00000000a0400000, 0x00000000a3a00000, 0x00000000e0180000)
  object space 55296K, 20% used [0x00000000a0400000,0x00000000a0f39c88,0x00000000a3a00000)
 Metaspace       used 28499K, capacity 28780K, committed 28928K, reserved 1075200K
  class space    used 3482K, capacity 3576K, committed 3584K, reserved 1048576K
Event: 7.606 GC heap after
Heap after GC invocations=7 (full 1):
 PSYoungGen      total 90112K, used 7998K [0x00000000e0180000, 0x00000000e6500000, 0x0000000100000000)
  eden space 79360K, 0% used [0x00000000e0180000,0x00000000e0180000,0x00000000e4f00000)
  from space 10752K, 74% used [0x00000000e5980000,0x00000000e614fbd8,0x00000000e6400000)
  to   space 10752K, 0% used [0x00000000e4f00000,0x00000000e4f00000,0x00000000e5980000)
 ParOldGen       total 55296K, used 11495K [0x00000000a0400000, 0x00000000a3a00000, 0x00000000e0180000)
  object space 55296K, 20% used [0x00000000a0400000,0x00000000a0f39c88,0x00000000a3a00000)
 Metaspace       used 28499K, capacity 28780K, committed 28928K, reserved 1075200K
  class space    used 3482K, capacity 3576K, committed 3584K, reserved 1048576K
}
Event: 10.644 GC heap before
{Heap before GC invocations=8 (full 1):
 PSYoungGen      total 90112K, used 87358K [0x00000000e0180000, 0x00000000e6500000, 0x0000000100000000)
  eden space 79360K, 100% used [0x00000000e0180000,0x00000000e4f00000,0x00000000e4f00000)
  from space 10752K, 74% used [0x00000000e5980000,0x00000000e614fbd8,0x00000000e6400000)
  to   space 10752K, 0% used [0x00000000e4f00000,0x00000000e4f00000,0x00000000e5980000)
 ParOldGen       total 55296K, used 11495K [0x00000000a0400000, 0x00000000a3a00000, 0x00000000e0180000)
  object space 55296K, 20% used [0x00000000a0400000,0x00000000a0f39c88,0x00000000a3a00000)
 Metaspace       used 32288K, capacity 32622K, committed 33024K, reserved 1079296K
  class space    used 3900K, capacity 4018K, committed 4096K, reserved 1048576K
Event: 10.669 GC heap after
Heap after GC invocations=8 (full 1):
 PSYoungGen      total 90112K, used 10734K [0x00000000e0180000, 0x00000000e9480000, 0x0000000100000000)
  eden space 79360K, 0% used [0x00000000e0180000,0x00000000e0180000,0x00000000e4f00000)
  from space 10752K, 99% used [0x00000000e4f00000,0x00000000e597bb28,0x00000000e5980000)
  to   space 12800K, 0% used [0x00000000e8800000,0x00000000e8800000,0x00000000e9480000)
 ParOldGen       total 55296K, used 12982K [0x00000000a0400000, 0x00000000a3a00000, 0x00000000e0180000)
  object space 55296K, 23% used [0x00000000a0400000,0x00000000a10ad920,0x00000000a3a00000)
 Metaspace       used 32288K, capacity 32622K, committed 33024K, reserved 1079296K
  class space    used 3900K, capacity 4018K, committed 4096K, reserved 1048576K
}
Event: 16.883 GC heap before
{Heap before GC invocations=9 (full 1):
 PSYoungGen      total 90112K, used 54341K [0x00000000e0180000, 0x00000000e9480000, 0x0000000100000000)
  eden space 79360K, 54% used [0x00000000e0180000,0x00000000e2c15938,0x00000000e4f00000)
  from space 10752K, 99% used [0x00000000e4f00000,0x00000000e597bb28,0x00000000e5980000)
  to   space 12800K, 0% used [0x00000000e8800000,0x00000000e8800000,0x00000000e9480000)
 ParOldGen       total 55296K, used 12982K [0x00000000a0400000, 0x00000000a3a00000, 0x00000000e0180000)
  object space 55296K, 23% used [0x00000000a0400000,0x00000000a10ad920,0x00000000a3a00000)
 Metaspace       used 34797K, capacity 35161K, committed 35496K, reserved 1081344K
  class space    used 4230K, capacity 4352K, committed 4352K, reserved 1048576K
Event: 16.952 GC heap after
Heap after GC invocations=9 (full 1):
 PSYoungGen      total 132096K, used 10906K [0x00000000e0180000, 0x00000000e9300000, 0x0000000100000000)
  eden space 120832K, 0% used [0x00000000e0180000,0x00000000e0180000,0x00000000e7780000)
  from space 11264K, 96% used [0x00000000e8800000,0x00000000e92a6ae8,0x00000000e9300000)
  to   space 13824K, 0% used [0x00000000e7800000,0x00000000e7800000,0x00000000e8580000)
 ParOldGen       total 55296K, used 12990K [0x00000000a0400000, 0x00000000a3a00000, 0x00000000e0180000)
  object space 55296K, 23% used [0x00000000a0400000,0x00000000a10af920,0x00000000a3a00000)
 Metaspace       used 34797K, capacity 35161K, committed 35496K, reserved 1081344K
  class space    used 4230K, capacity 4352K, committed 4352K, reserved 1048576K
}
Event: 16.953 GC heap before
{Heap before GC invocations=10 (full 2):
 PSYoungGen      total 132096K, used 10906K [0x00000000e0180000, 0x00000000e9300000, 0x0000000100000000)
  eden space 120832K, 0% used [0x00000000e0180000,0x00000000e0180000,0x00000000e7780000)
  from space 11264K, 96% used [0x00000000e8800000,0x00000000e92a6ae8,0x00000000e9300000)
  to   space 13824K, 0% used [0x00000000e7800000,0x00000000e7800000,0x00000000e8580000)
 ParOldGen       total 55296K, used 12990K [0x00000000a0400000, 0x00000000a3a00000, 0x00000000e0180000)
  object space 55296K, 23% used [0x00000000a0400000,0x00000000a10af920,0x00000000a3a00000)
 Metaspace       used 34797K, capacity 35161K, committed 35496K, reserved 1081344K
  class space    used 4230K, capacity 4352K, committed 4352K, reserved 1048576K
Event: 17.152 GC heap after
Heap after GC invocations=10 (full 2):
 PSYoungGen      total 132096K, used 0K [0x00000000e0180000, 0x00000000e9300000, 0x0000000100000000)
  eden space 120832K, 0% used [0x00000000e0180000,0x00000000e0180000,0x00000000e7780000)
  from space 11264K, 0% used [0x00000000e8800000,0x00000000e8800000,0x00000000e9300000)
  to   space 13824K, 0% used [0x00000000e7800000,0x00000000e7800000,0x00000000e8580000)
 ParOldGen       total 78336K, used 18932K [0x00000000a0400000, 0x00000000a5080000, 0x00000000e0180000)
  object space 78336K, 24% used [0x00000000a0400000,0x00000000a167d218,0x00000000a5080000)
 Metaspace       used 34797K, capacity 35161K, committed 35496K, reserved 1081344K
  class space    used 4230K, capacity 4352K, committed 4352K, reserved 1048576K
}

