# JRE version: Java(TM) SE Runtime Environment (8.0_92-b14) (build 1.8.0_92-b14)
# Java VM: Java HotSpot(TM) 64-Bit Server VM (25.92-b14 mixed mode windows-amd64 compressed oops)
Heap:
 PSYoungGen      total 138240K, used 27423K [0x00000000e0180000, 0x00000000e9880000, 0x0000000100000000)
  eden space 125952K, 21% used [0x00000000e0180000,0x00000000e1c47fa8,0x00000000e7c80000)
  from space 12288K, 0% used [0x00000000e8c80000,0x00000000e8c80000,0x00000000e9880000)
  to   space 13824K, 0% used [0x00000000e7d80000,0x00000000e7d80000,0x00000000e8b00000)
 ParOldGen       total 71168K, used 19729K [0x00000000a0400000, 0x00000000a4980000, 0x00000000e0180000)
  object space 71168K, 27% used [0x00000000a0400000,0x00000000a17447d8,0x00000000a4980000)
 Metaspace       used 37392K, capacity 37786K, committed 38272K, reserved 1083392K
  class space    used 4563K, capacity 4673K, committed 4736K, reserved 1048576K
GC Heap History (10 events):
Event: 5.422 GC heap before
{Heap before GC invocations=6 (full 1):
 PSYoungGen      total 53248K, used 49152K [0x00000000e0180000, 0x00000000e3980000, 0x0000000100000000)
  eden space 49152K, 100% used [0x00000000e0180000,0x00000000e3180000,0x00000000e3180000)
  from space 4096K, 0% used [0x00000000e3580000,0x00000000e3580000,0x00000000e3980000)
  to   space 4096K, 0% used [0x00000000e3180000,0x00000000e3180000,0x00000000e3580000)
 ParOldGen       total 51712K, used 10404K [0x00000000a0400000, 0x00000000a3680000, 0x00000000e0180000)
  object space 51712K, 20% used [0x00000000a0400000,0x00000000a0e29390,0x00000000a3680000)
 Metaspace       used 24581K, capacity 24928K, committed 25216K, reserved 1071104K
  class space    used 3019K, capacity 3126K, committed 3200K, reserved 1048576K
Event: 5.433 GC heap after
Heap after GC invocations=6 (full 1):
 PSYoungGen      total 53248K, used 4095K [0x00000000e0180000, 0x00000000e5f80000, 0x0000000100000000)
  eden space 49152K, 0% used [0x00000000e0180000,0x00000000e0180000,0x00000000e3180000)
  from space 4096K, 99% used [0x00000000e3180000,0x00000000e357fc88,0x00000000e3580000)
  to   space 10240K, 0% used [0x00000000e5580000,0x00000000e5580000,0x00000000e5f80000)
 ParOldGen       total 51712K, used 11225K [0x00000000a0400000, 0x00000000a3680000, 0x00000000e0180000)
  object space 51712K, 21% used [0x00000000a0400000,0x00000000a0ef6738,0x00000000a3680000)
 Metaspace       used 24581K, capacity 24928K, committed 25216K, reserved 1071104K
  class space    used 3019K, capacity 3126K, committed 3200K, reserved 1048576K
}
Event: 7.284 GC heap before
{Heap before GC invocations=7 (full 1):
 PSYoungGen      total 53248K, used 53247K [0x00000000e0180000, 0x00000000e5f80000, 0x0000000100000000)
  eden space 49152K, 100% used [0x00000000e0180000,0x00000000e3180000,0x00000000e3180000)
  from space 4096K, 99% used [0x00000000e3180000,0x00000000e357fc88,0x00000000e3580000)
  to   space 10240K, 0% used [0x00000000e5580000,0x00000000e5580000,0x00000000e5f80000)
 ParOldGen       total 51712K, used 11225K [0x00000000a0400000, 0x00000000a3680000, 0x00000000e0180000)
  object space 51712K, 21% used [0x00000000a0400000,0x00000000a0ef6738,0x00000000a3680000)
 Metaspace       used 28415K, capacity 28716K, committed 28928K, reserved 1075200K
  class space    used 3475K, capacity 3576K, committed 3584K, reserved 1048576K
Event: 7.463 GC heap after
Heap after GC invocations=7 (full 1):
 PSYoungGen      total 85504K, used 7844K [0x00000000e0180000, 0x00000000e6780000, 0x0000000100000000)
  eden space 75264K, 0% used [0x00000000e0180000,0x00000000e0180000,0x00000000e4b00000)
  from space 10240K, 76% used [0x00000000e5580000,0x00000000e5d29280,0x00000000e5f80000)
  to   space 10752K, 0% used [0x00000000e4b00000,0x00000000e4b00000,0x00000000e5580000)
 ParOldGen       total 51712K, used 11233K [0x00000000a0400000, 0x00000000a3680000, 0x00000000e0180000)
  object space 51712K, 21% used [0x00000000a0400000,0x00000000a0ef8738,0x00000000a3680000)
 Metaspace       used 28415K, capacity 28716K, committed 28928K, reserved 1075200K
  class space    used 3475K, capacity 3576K, committed 3584K, reserved 1048576K
}
Event: 10.247 GC heap before
{Heap before GC invocations=8 (full 1):
 PSYoungGen      total 85504K, used 83108K [0x00000000e0180000, 0x00000000e6780000, 0x0000000100000000)
  eden space 75264K, 100% used [0x00000000e0180000,0x00000000e4b00000,0x00000000e4b00000)
  from space 10240K, 76% used [0x00000000e5580000,0x00000000e5d29280,0x00000000e5f80000)
  to   space 10752K, 0% used [0x00000000e4b00000,0x00000000e4b00000,0x00000000e5580000)
 ParOldGen       total 51712K, used 11233K [0x00000000a0400000, 0x00000000a3680000, 0x00000000e0180000)
  object space 51712K, 21% used [0x00000000a0400000,0x00000000a0ef8738,0x00000000a3680000)
 Metaspace       used 31054K, capacity 31440K, committed 31616K, reserved 1077248K
  class space    used 3825K, capacity 3940K, committed 3968K, reserved 1048576K
Event: 10.473 GC heap after
Heap after GC invocations=8 (full 1):
 PSYoungGen      total 86016K, used 10738K [0x00000000e0180000, 0x00000000e9880000, 0x0000000100000000)
  eden space 75264K, 0% used [0x00000000e0180000,0x00000000e0180000,0x00000000e4b00000)
  from space 10752K, 99% used [0x00000000e4b00000,0x00000000e557c8a0,0x00000000e5580000)
  to   space 12288K, 0% used [0x00000000e8c80000,0x00000000e8c80000,0x00000000e9880000)
 ParOldGen       total 51712K, used 11763K [0x00000000a0400000, 0x00000000a3680000, 0x00000000e0180000)
  object space 51712K, 22% used [0x00000000a0400000,0x00000000a0f7cd28,0x00000000a3680000)
 Metaspace       used 31054K, capacity 31440K, committed 31616K, reserved 1077248K
  class space    used 3825K, capacity 3940K, committed 3968K, reserved 1048576K
}
Event: 18.746 GC heap before
{Heap before GC invocations=9 (full 1):
 PSYoungGen      total 86016K, used 66986K [0x00000000e0180000, 0x00000000e9880000, 0x0000000100000000)
  eden space 75264K, 74% used [0x00000000e0180000,0x00000000e386df60,0x00000000e4b00000)
  from space 10752K, 99% used [0x00000000e4b00000,0x00000000e557c8a0,0x00000000e5580000)
  to   space 12288K, 0% used [0x00000000e8c80000,0x00000000e8c80000,0x00000000e9880000)
 ParOldGen       total 51712K, used 11763K [0x00000000a0400000, 0x00000000a3680000, 0x00000000e0180000)
  object space 51712K, 22% used [0x00000000a0400000,0x00000000a0f7cd28,0x00000000a3680000)
 Metaspace       used 34838K, capacity 35160K, committed 35456K, reserved 1081344K
  class space    used 4253K, capacity 4374K, committed 4480K, reserved 1048576K
Event: 18.777 GC heap after
Heap after GC invocations=9 (full 1):
 PSYoungGen      total 138240K, used 11838K [0x00000000e0180000, 0x00000000e9880000, 0x0000000100000000)
  eden space 125952K, 0% used [0x00000000e0180000,0x00000000e0180000,0x00000000e7c80000)
  from space 12288K, 96% used [0x00000000e8c80000,0x00000000e980fb18,0x00000000e9880000)
  to   space 13824K, 0% used [0x00000000e7d80000,0x00000000e7d80000,0x00000000e8b00000)
 ParOldGen       total 51712K, used 11771K [0x00000000a0400000, 0x00000000a3680000, 0x00000000e0180000)
  object space 51712K, 22% used [0x00000000a0400000,0x00000000a0f7ed28,0x00000000a3680000)
 Metaspace       used 34838K, capacity 35160K, committed 35456K, reserved 1081344K
  class space    used 4253K, capacity 4374K, committed 4480K, reserved 1048576K
}
Event: 18.778 GC heap before
{Heap before GC invocations=10 (full 2):
 PSYoungGen      total 138240K, used 11838K [0x00000000e0180000, 0x00000000e9880000, 0x0000000100000000)
  eden space 125952K, 0% used [0x00000000e0180000,0x00000000e0180000,0x00000000e7c80000)
  from space 12288K, 96% used [0x00000000e8c80000,0x00000000e980fb18,0x00000000e9880000)
  to   space 13824K, 0% used [0x00000000e7d80000,0x00000000e7d80000,0x00000000e8b00000)
 ParOldGen       total 51712K, used 11771K [0x00000000a0400000, 0x00000000a3680000, 0x00000000e0180000)
  object space 51712K, 22% used [0x00000000a0400000,0x00000000a0f7ed28,0x00000000a3680000)
 Metaspace       used 34838K, capacity 35160K, committed 35456K, reserved 1081344K
  class space    used 4253K, capacity 4374K, committed 4480K, reserved 1048576K
Event: 18.968 GC heap after
Heap after GC invocations=10 (full 2):
 PSYoungGen      total 138240K, used 0K [0x00000000e0180000, 0x00000000e9880000, 0x0000000100000000)
  eden space 125952K, 0% used [0x00000000e0180000,0x00000000e0180000,0x00000000e7c80000)
  from space 12288K, 0% used [0x00000000e8c80000,0x00000000e8c80000,0x00000000e9880000)
  to   space 13824K, 0% used [0x00000000e7d80000,0x00000000e7d80000,0x00000000e8b00000)
 ParOldGen       total 71168K, used 19729K [0x00000000a0400000, 0x00000000a4980000, 0x00000000e0180000)
  object space 71168K, 27% used [0x00000000a0400000,0x00000000a17447d8,0x00000000a4980000)
 Metaspace       used 34838K, capacity 35160K, committed 35456K, reserved 1081344K
  class space    used 4253K, capacity 4374K, committed 4480K, reserved 1048576K
}

